obj\Debug\netstandard2.1\DataSpotify.dll
C:\Users\Marci\.nuget\packages\devexpress.blazor\19.2.4\lib\netstandard2.1\DevExpress.Blazor.dll
C:\Users\Marci\.nuget\packages\microsoft.aspnetcore.components.webassembly.runtime\3.2.0-preview2.20159.2\build\netstandard1.0\..\..\tools\dotnetwasm\bcl\Microsoft.CSharp.dll
C:\Users\Marci\.nuget\packages\microsoft.aspnetcore.components.webassembly.runtime\3.2.0-preview2.20159.2\build\netstandard1.0\..\..\tools\dotnetwasm\bcl\System.Core.dll
C:\Users\Marci\.nuget\packages\microsoft.aspnetcore.components.webassembly.runtime\3.2.0-preview2.20159.2\build\netstandard1.0\..\..\tools\dotnetwasm\bcl\System.dll
C:\Users\Marci\.nuget\packages\microsoft.aspnetcore.components.webassembly.runtime\3.2.0-preview2.20159.2\build\netstandard1.0\..\..\tools\dotnetwasm\framework\WebAssembly.Net.WebSockets.dll
C:\Users\Marci\.nuget\packages\microsoft.aspnetcore.components.webassembly.runtime\3.2.0-preview2.20159.2\build\netstandard1.0\..\..\tools\dotnetwasm\bcl\Facades\System.Memory.dll
C:\Users\Marci\.nuget\packages\microsoft.aspnetcore.components.webassembly.runtime\3.2.0-preview2.20159.2\build\netstandard1.0\..\..\tools\dotnetwasm\bcl\mscorlib.dll
C:\Users\Marci\.nuget\packages\microsoft.aspnetcore.components.webassembly.runtime\3.2.0-preview2.20159.2\build\netstandard1.0\..\..\tools\dotnetwasm\framework\WebAssembly.Bindings.dll
C:\Users\Marci\.nuget\packages\microsoft.aspnetcore.components.webassembly.runtime\3.2.0-preview2.20159.2\build\netstandard1.0\..\..\tools\dotnetwasm\bcl\Facades\netstandard.dll
C:\Users\Marci\.nuget\packages\microsoft.aspnetcore.components.webassembly.runtime\3.2.0-preview2.20159.2\build\netstandard1.0\..\..\tools\dotnetwasm\bcl\System.Xml.Linq.dll
C:\Users\Marci\.nuget\packages\microsoft.aspnetcore.components.webassembly.runtime\3.2.0-preview2.20159.2\build\netstandard1.0\..\..\tools\dotnetwasm\bcl\System.Xml.dll
C:\Users\Marci\.nuget\packages\microsoft.aspnetcore.components.webassembly.runtime\3.2.0-preview2.20159.2\build\netstandard1.0\..\..\tools\dotnetwasm\bcl\System.Transactions.dll
C:\Users\Marci\.nuget\packages\microsoft.aspnetcore.components.webassembly.runtime\3.2.0-preview2.20159.2\build\netstandard1.0\..\..\tools\dotnetwasm\bcl\System.Runtime.Serialization.dll
C:\Users\Marci\.nuget\packages\microsoft.aspnetcore.components.webassembly.runtime\3.2.0-preview2.20159.2\build\netstandard1.0\..\..\tools\dotnetwasm\bcl\System.ServiceModel.Internals.dll
C:\Users\Marci\.nuget\packages\microsoft.aspnetcore.components.webassembly.runtime\3.2.0-preview2.20159.2\build\netstandard1.0\..\..\tools\dotnetwasm\bcl\System.Numerics.dll
C:\Users\Marci\.nuget\packages\microsoft.aspnetcore.components.webassembly.runtime\3.2.0-preview2.20159.2\build\netstandard1.0\..\..\tools\dotnetwasm\bcl\System.Net.Http.dll
C:\Users\Marci\.nuget\packages\microsoft.aspnetcore.components.webassembly.runtime\3.2.0-preview2.20159.2\build\netstandard1.0\..\..\tools\dotnetwasm\framework\WebAssembly.Net.Http.dll
C:\Users\Marci\.nuget\packages\microsoft.aspnetcore.components.webassembly.runtime\3.2.0-preview2.20159.2\build\netstandard1.0\..\..\tools\dotnetwasm\bcl\System.ComponentModel.Composition.dll
C:\Users\Marci\.nuget\packages\microsoft.aspnetcore.components.webassembly.runtime\3.2.0-preview2.20159.2\build\netstandard1.0\..\..\tools\dotnetwasm\bcl\System.IO.Compression.FileSystem.dll
C:\Users\Marci\.nuget\packages\microsoft.aspnetcore.components.webassembly.runtime\3.2.0-preview2.20159.2\build\netstandard1.0\..\..\tools\dotnetwasm\bcl\System.IO.Compression.dll
C:\Users\Marci\.nuget\packages\microsoft.aspnetcore.components.webassembly.runtime\3.2.0-preview2.20159.2\build\netstandard1.0\..\..\tools\dotnetwasm\bcl\Facades\System.Drawing.Common.dll
C:\Users\Marci\.nuget\packages\microsoft.aspnetcore.components.webassembly.runtime\3.2.0-preview2.20159.2\build\netstandard1.0\..\..\tools\dotnetwasm\bcl\System.Data.DataSetExtensions.dll
C:\Users\Marci\.nuget\packages\microsoft.aspnetcore.components.webassembly.runtime\3.2.0-preview2.20159.2\build\netstandard1.0\..\..\tools\dotnetwasm\bcl\System.Data.dll
C:\Users\Marci\.nuget\packages\microsoft.aspnetcore.components.webassembly.runtime\3.2.0-preview2.20159.2\build\netstandard1.0\..\..\tools\dotnetwasm\bcl\Mono.Security.dll
C:\Users\Marci\.nuget\packages\microsoft.extensions.dependencyinjection\3.1.2\lib\netstandard2.1\Microsoft.Extensions.DependencyInjection.dll
C:\Users\Marci\.nuget\packages\microsoft.extensions.dependencyinjection.abstractions\3.1.2\lib\netstandard2.0\Microsoft.Extensions.DependencyInjection.Abstractions.dll
C:\Users\Marci\.nuget\packages\microsoft.aspnetcore.components.forms\3.1.2\lib\netstandard2.0\Microsoft.AspNetCore.Components.Forms.dll
C:\Users\Marci\.nuget\packages\microsoft.aspnetcore.components.webassembly.runtime\3.2.0-preview2.20159.2\build\netstandard1.0\..\..\tools\dotnetwasm\bcl\Facades\System.ComponentModel.Annotations.dll
C:\Users\Marci\.nuget\packages\microsoft.aspnetcore.components.webassembly.runtime\3.2.0-preview2.20159.2\build\netstandard1.0\..\..\tools\dotnetwasm\bcl\System.ComponentModel.DataAnnotations.dll
C:\Users\Marci\.nuget\packages\microsoft.aspnetcore.components\3.1.2\lib\netstandard2.0\Microsoft.AspNetCore.Components.dll
C:\Users\Marci\.nuget\packages\microsoft.aspnetcore.components.webassembly.runtime\3.2.0-preview2.20159.2\build\netstandard1.0\..\..\tools\dotnetwasm\bcl\Facades\System.Buffers.dll
C:\Users\Marci\.nuget\packages\microsoft.extensions.logging.abstractions\3.1.2\lib\netstandard2.0\Microsoft.Extensions.Logging.Abstractions.dll
C:\Users\Marci\.nuget\packages\system.text.json\4.7.1\lib\netstandard2.0\System.Text.Json.dll
C:\Users\Marci\.nuget\packages\microsoft.aspnetcore.components.webassembly.runtime\3.2.0-preview2.20159.2\build\netstandard1.0\..\..\tools\dotnetwasm\bcl\System.Runtime.CompilerServices.Unsafe.dll
C:\Users\Marci\.nuget\packages\microsoft.bcl.asyncinterfaces\1.1.0\lib\netstandard2.1\Microsoft.Bcl.AsyncInterfaces.dll
C:\Users\Marci\.nuget\packages\microsoft.aspnetcore.components.webassembly.runtime\3.2.0-preview2.20159.2\build\netstandard1.0\..\..\tools\dotnetwasm\bcl\Facades\System.Threading.Tasks.Extensions.dll
C:\Users\Marci\.nuget\packages\microsoft.aspnetcore.components.webassembly.runtime\3.2.0-preview2.20159.2\build\netstandard1.0\..\..\tools\dotnetwasm\bcl\System.Numerics.Vectors.dll
C:\Users\Marci\.nuget\packages\system.text.encodings.web\4.7.0\lib\netstandard2.1\System.Text.Encodings.Web.dll
C:\Users\Marci\.nuget\packages\microsoft.jsinterop\3.1.2\lib\netstandard2.0\Microsoft.JSInterop.dll
C:\Users\Marci\.nuget\packages\devextreme.aspnet.data\2.5.1\lib\netstandard2.0\DevExtreme.AspNet.Data.dll
C:\Users\Marci\.nuget\packages\newtonsoft.json\12.0.3\lib\netstandard2.0\Newtonsoft.Json.dll
C:\Users\Marci\.nuget\packages\microsoft.aspnetcore.components.web\3.1.2\lib\netstandard2.0\Microsoft.AspNetCore.Components.Web.dll
C:\Users\Marci\.nuget\packages\microsoft.aspnetcore.webutilities\2.2.0\lib\netstandard2.0\Microsoft.AspNetCore.WebUtilities.dll
C:\Users\Marci\.nuget\packages\microsoft.extensions.primitives\3.1.2\lib\netstandard2.0\Microsoft.Extensions.Primitives.dll
C:\Users\Marci\.nuget\packages\microsoft.net.http.headers\2.2.0\lib\netstandard2.0\Microsoft.Net.Http.Headers.dll
C:\Users\Marci\.nuget\packages\radzen.blazor\2.5.8\lib\netstandard2.1\Radzen.Blazor.dll
C:\Users\Marci\.nuget\packages\system.linq.dynamic.core\1.0.19\lib\netstandard2.0\System.Linq.Dynamic.Core.dll
C:\Users\Marci\.nuget\packages\microsoft.aspnetcore.components.webassembly.runtime\3.2.0-preview2.20159.2\build\netstandard1.0\..\..\tools\dotnetwasm\bcl\Facades\System.Reflection.Emit.ILGeneration.dll
C:\Users\Marci\.nuget\packages\microsoft.aspnetcore.components.webassembly.runtime\3.2.0-preview2.20159.2\build\netstandard1.0\..\..\tools\dotnetwasm\bcl\Facades\System.Reflection.Emit.dll
E:\BME\onlab\splaylist\SpotifyAPI-NET\SpotifyAPI.Web\bin\Debug\netstandard2.0\SpotifyAPI.Web.dll
C:\Users\Marci\.nuget\packages\blazored.localstorage\2.1.5\lib\netstandard2.0\Blazored.LocalStorage.dll
C:\Users\Marci\.nuget\packages\microsoft.aspnetcore.components.webassembly\3.2.0-preview2.20160.5\lib\netstandard2.1\Microsoft.AspNetCore.Components.WebAssembly.dll
C:\Users\Marci\.nuget\packages\microsoft.extensions.configuration\3.1.2\lib\netstandard2.0\Microsoft.Extensions.Configuration.dll
C:\Users\Marci\.nuget\packages\microsoft.extensions.configuration.abstractions\3.1.2\lib\netstandard2.0\Microsoft.Extensions.Configuration.Abstractions.dll
C:\Users\Marci\.nuget\packages\microsoft.jsinterop.webassembly\3.2.0-preview2.20160.5\lib\netstandard2.1\Microsoft.JSInterop.WebAssembly.dll
obj\Debug\netstandard2.1\DataSpotify.pdb
C:\Users\Marci\.nuget\packages\system.linq.dynamic.core\1.0.19\lib\netstandard2.0\System.Linq.Dynamic.Core.pdb
E:\BME\onlab\splaylist\SpotifyAPI-NET\SpotifyAPI.Web\bin\Debug\netstandard2.0\SpotifyAPI.Web.pdb
